./normal/result/21_20.csv
+++++++++++++++++++++++++++++++++++
res: 0000000000
===================================
CF algorithm rule:
(1) appro.denominator < N
(2) abs(appro-frac) < threshold
===================================
Analyzing fraction: 0
N = 21, a=20
-----------------------------------
0th appro: 0
abs_diff: 0
possible_order: 1
The possible order is odd or 0
-----------------------------------

+++++++++++++++++++++++++++++++++++
res: 1000000000
===================================
CF algorithm rule:
(1) appro.denominator < N
(2) abs(appro-frac) < threshold
===================================
Analyzing fraction: 1/2
N = 21, a=20
-----------------------------------
0th appro: 0
abs_diff: 1/2
possible_order: 1
The possible order is odd or 0
-----------------------------------
1th appro: 1/2
abs_diff: 0
possible_order: 2
trivial factors: 21, 1
-----------------------------------

