./normal/result/38_37.csv
+++++++++++++++++++++++++++++++++++
res: 100000000000
===================================
CF algorithm rule:
(1) appro.denominator < N
(2) abs(appro-frac) < threshold
===================================
Analyzing fraction: 1/2
N = 38, a=37
-----------------------------------
0th appro: 0
abs_diff: 1/2
possible_order: 1
The possible order is odd or 0
-----------------------------------
1th appro: 1/2
abs_diff: 0
possible_order: 2
Factors: 2, 19
+++++++++++++++++++++++++++++++++++
res: 000000000000
===================================
CF algorithm rule:
(1) appro.denominator < N
(2) abs(appro-frac) < threshold
===================================
Analyzing fraction: 0
N = 38, a=37
-----------------------------------
0th appro: 0
abs_diff: 0
possible_order: 1
The possible order is odd or 0
-----------------------------------

***********************************
Success res: ['100000000000']
***********************************
